<?xml version="1.0" encoding="UTF-8"?>
<!-- Generated by org.testng.reporters.JUnitXMLReporter -->
<testsuite hostname="LAPTOP-PKTH6OD2" ignored="0" name="Test" tests="1" failures="1" timestamp="10 Jul 2021 07:47:49 GMT" time="4.255" errors="0">
  <testcase name="loginTest" time="4.236" classname="sampleTest2.SampleTest2">
    <failure type="java.lang.ArithmeticException" message="/ by zero">
      <![CDATA[java.lang.ArithmeticException: / by zero
at sampleTest2.SampleTest2.loginTest(SampleTest2.java:29)
... Removed 28 stack frames]]>
    </failure>
  </testcase> <!-- loginTest -->
</testsuite> <!-- Test -->
