-------------------------------------------------------------------------------
Test set: TestSuite
-------------------------------------------------------------------------------
Tests run: 1, Failures: 1, Errors: 0, Skipped: 0, Time elapsed: 4.549 sec <<< FAILURE! - in TestSuite
loginTest(sampleTest2.SampleTest2)  Time elapsed: 4.239 sec  <<< FAILURE!
java.lang.ArithmeticException: / by zero
	at sampleTest2.SampleTest2.loginTest(SampleTest2.java:29)

