<?xml version="1.0" encoding="UTF-8"?>
<testng-results skipped="0" failed="0" ignored="0" total="1" passed="1">
  <reporter-output>
  </reporter-output>
  <suite name="Default suite" duration-ms="3220" started-at="2021-07-10T06:45:29Z" finished-at="2021-07-10T06:45:32Z">
    <groups>
    </groups>
    <test name="Default test" duration-ms="3220" started-at="2021-07-10T06:45:29Z" finished-at="2021-07-10T06:45:32Z">
      <class name="sampleTest1.SampleTest1">
        <test-method status="PASS" signature="loginTest()[pri:0, instance:sampleTest1.SampleTest1@68c4039c]" name="loginTest" duration-ms="3191" started-at="2021-07-10T06:45:29Z" finished-at="2021-07-10T06:45:32Z">
          <reporter-output>
          </reporter-output>
        </test-method> <!-- loginTest -->
      </class> <!-- sampleTest1.SampleTest1 -->
    </test> <!-- Default test -->
  </suite> <!-- Default suite -->
</testng-results>
